2021-05-22 00:28:04.463  INFO 432 --- [restartedMain] com.opensource.todo.TodoApplication      : Starting TodoApplication using Java 15.0.2 on DESKTOP-N8DKCPV with PID 432 (C:\Users\Sofiane\open-source-projects\to-do-project\backend\target\classes started by Sofiane in C:\Users\Sofiane\open-source-projects\to-do-project\backend)
2021-05-22 00:28:04.467  INFO 432 --- [restartedMain] com.opensource.todo.TodoApplication      : No active profile set, falling back to default profiles: default
2021-05-22 00:28:04.569  INFO 432 --- [restartedMain] .e.DevToolsPropertyDefaultsPostProcessor : Devtools property defaults active! Set 'spring.devtools.add-properties' to 'false' to disable
2021-05-22 00:28:04.569  INFO 432 --- [restartedMain] .e.DevToolsPropertyDefaultsPostProcessor : For additional web related logging consider setting the 'logging.level.web' property to 'DEBUG'
2021-05-22 00:28:05.706  INFO 432 --- [restartedMain] .s.d.r.c.RepositoryConfigurationDelegate : Bootstrapping Spring Data JPA repositories in DEFAULT mode.
2021-05-22 00:28:05.793  INFO 432 --- [restartedMain] .s.d.r.c.RepositoryConfigurationDelegate : Finished Spring Data repository scanning in 65 ms. Found 1 JPA repository interfaces.
2021-05-22 00:28:06.679  INFO 432 --- [restartedMain] o.s.b.w.embedded.tomcat.TomcatWebServer  : Tomcat initialized with port(s): 8080 (http)
2021-05-22 00:28:06.692  INFO 432 --- [restartedMain] o.apache.catalina.core.StandardService   : Starting service [Tomcat]
2021-05-22 00:28:06.693  INFO 432 --- [restartedMain] org.apache.catalina.core.StandardEngine  : Starting Servlet engine: [Apache Tomcat/9.0.45]
2021-05-22 00:28:06.823  INFO 432 --- [restartedMain] o.a.c.c.C.[Tomcat].[localhost].[/]       : Initializing Spring embedded WebApplicationContext
2021-05-22 00:28:06.824  INFO 432 --- [restartedMain] w.s.c.ServletWebServerApplicationContext : Root WebApplicationContext: initialization completed in 2251 ms
2021-05-22 00:28:07.028  INFO 432 --- [restartedMain] o.hibernate.jpa.internal.util.LogHelper  : HHH000204: Processing PersistenceUnitInfo [name: default]
2021-05-22 00:28:07.093  INFO 432 --- [restartedMain] org.hibernate.Version                    : HHH000412: Hibernate ORM core version 5.4.30.Final
2021-05-22 00:28:07.241  INFO 432 --- [restartedMain] o.hibernate.annotations.common.Version   : HCANN000001: Hibernate Commons Annotations {5.1.2.Final}
2021-05-22 00:28:07.363  INFO 432 --- [restartedMain] com.zaxxer.hikari.HikariDataSource       : HikariPool-1 - Starting...
2021-05-22 00:28:07.490  INFO 432 --- [restartedMain] com.zaxxer.hikari.HikariDataSource       : HikariPool-1 - Start completed.
2021-05-22 00:28:07.506  INFO 432 --- [restartedMain] org.hibernate.dialect.Dialect            : HHH000400: Using dialect: org.hibernate.dialect.PostgreSQLDialect
2021-05-22 00:28:08.398  INFO 432 --- [restartedMain] o.h.e.t.j.p.i.JtaPlatformInitiator       : HHH000490: Using JtaPlatform implementation: [org.hibernate.engine.transaction.jta.platform.internal.NoJtaPlatform]
2021-05-22 00:28:08.412  INFO 432 --- [restartedMain] j.LocalContainerEntityManagerFactoryBean : Initialized JPA EntityManagerFactory for persistence unit 'default'
2021-05-22 00:28:08.474  INFO 432 --- [restartedMain] o.s.b.d.a.OptionalLiveReloadServer       : LiveReload server is running on port 35729
2021-05-22 00:28:08.928  WARN 432 --- [restartedMain] JpaBaseConfiguration$JpaWebConfiguration : spring.jpa.open-in-view is enabled by default. Therefore, database queries may be performed during view rendering. Explicitly configure spring.jpa.open-in-view to disable this warning
2021-05-22 00:28:09.156  INFO 432 --- [restartedMain] o.s.s.concurrent.ThreadPoolTaskExecutor  : Initializing ExecutorService 'applicationTaskExecutor'
2021-05-22 00:28:09.562  INFO 432 --- [restartedMain] o.s.s.web.DefaultSecurityFilterChain     : Will secure any request with [org.springframework.security.web.context.request.async.WebAsyncManagerIntegrationFilter@4277f114, org.springframework.security.web.context.SecurityContextPersistenceFilter@3c62cede, org.springframework.security.web.header.HeaderWriterFilter@687c598f, org.springframework.web.filter.CorsFilter@2b44a86a, org.springframework.security.web.authentication.logout.LogoutFilter@4da6dd77, org.springframework.security.web.authentication.UsernamePasswordAuthenticationFilter@112c4735, org.springframework.security.web.authentication.ui.DefaultLoginPageGeneratingFilter@3a44adaa, org.springframework.security.web.authentication.ui.DefaultLogoutPageGeneratingFilter@36b297c9, org.springframework.security.web.savedrequest.RequestCacheAwareFilter@ce5d2eb, org.springframework.security.web.servletapi.SecurityContextHolderAwareRequestFilter@6e641eef, org.springframework.security.web.authentication.AnonymousAuthenticationFilter@ff5121e, org.springframework.security.web.session.SessionManagementFilter@440bd20b, org.springframework.security.web.access.ExceptionTranslationFilter@608e6210, org.springframework.security.web.access.intercept.FilterSecurityInterceptor@52c1d942]
2021-05-22 00:28:09.678  INFO 432 --- [restartedMain] o.s.b.w.embedded.tomcat.TomcatWebServer  : Tomcat started on port(s): 8080 (http) with context path ''
2021-05-22 00:28:09.690  INFO 432 --- [restartedMain] com.opensource.todo.TodoApplication      : Started TodoApplication in 6.102 seconds (JVM running for 7.6)
2021-05-22 00:31:15.533  INFO 14436 --- [restartedMain] com.opensource.todo.TodoApplication      : Starting TodoApplication using Java 15.0.2 on DESKTOP-N8DKCPV with PID 14436 (C:\Users\Sofiane\open-source-projects\to-do-project\backend\target\classes started by Sofiane in C:\Users\Sofiane\open-source-projects\to-do-project\backend)
2021-05-22 00:31:15.539  INFO 14436 --- [restartedMain] com.opensource.todo.TodoApplication      : No active profile set, falling back to default profiles: default
2021-05-22 00:31:15.628  INFO 14436 --- [restartedMain] .e.DevToolsPropertyDefaultsPostProcessor : Devtools property defaults active! Set 'spring.devtools.add-properties' to 'false' to disable
2021-05-22 00:31:15.629  INFO 14436 --- [restartedMain] .e.DevToolsPropertyDefaultsPostProcessor : For additional web related logging consider setting the 'logging.level.web' property to 'DEBUG'
2021-05-22 00:31:16.745  INFO 14436 --- [restartedMain] .s.d.r.c.RepositoryConfigurationDelegate : Bootstrapping Spring Data JPA repositories in DEFAULT mode.
2021-05-22 00:31:16.851  INFO 14436 --- [restartedMain] .s.d.r.c.RepositoryConfigurationDelegate : Finished Spring Data repository scanning in 86 ms. Found 1 JPA repository interfaces.
2021-05-22 00:31:17.752  INFO 14436 --- [restartedMain] o.s.b.w.embedded.tomcat.TomcatWebServer  : Tomcat initialized with port(s): 8080 (http)
2021-05-22 00:31:17.766  INFO 14436 --- [restartedMain] o.apache.catalina.core.StandardService   : Starting service [Tomcat]
2021-05-22 00:31:17.767  INFO 14436 --- [restartedMain] org.apache.catalina.core.StandardEngine  : Starting Servlet engine: [Apache Tomcat/9.0.45]
2021-05-22 00:31:17.878  INFO 14436 --- [restartedMain] o.a.c.c.C.[Tomcat].[localhost].[/]       : Initializing Spring embedded WebApplicationContext
2021-05-22 00:31:17.878  INFO 14436 --- [restartedMain] w.s.c.ServletWebServerApplicationContext : Root WebApplicationContext: initialization completed in 2247 ms
2021-05-22 00:31:18.105  INFO 14436 --- [restartedMain] o.hibernate.jpa.internal.util.LogHelper  : HHH000204: Processing PersistenceUnitInfo [name: default]
2021-05-22 00:31:18.173  INFO 14436 --- [restartedMain] org.hibernate.Version                    : HHH000412: Hibernate ORM core version 5.4.30.Final
2021-05-22 00:31:18.362  INFO 14436 --- [restartedMain] o.hibernate.annotations.common.Version   : HCANN000001: Hibernate Commons Annotations {5.1.2.Final}
2021-05-22 00:31:18.539  INFO 14436 --- [restartedMain] com.zaxxer.hikari.HikariDataSource       : HikariPool-1 - Starting...
2021-05-22 00:31:18.671  INFO 14436 --- [restartedMain] com.zaxxer.hikari.HikariDataSource       : HikariPool-1 - Start completed.
2021-05-22 00:31:18.693  INFO 14436 --- [restartedMain] org.hibernate.dialect.Dialect            : HHH000400: Using dialect: org.hibernate.dialect.PostgreSQLDialect
2021-05-22 00:31:19.706  INFO 14436 --- [restartedMain] o.h.e.t.j.p.i.JtaPlatformInitiator       : HHH000490: Using JtaPlatform implementation: [org.hibernate.engine.transaction.jta.platform.internal.NoJtaPlatform]
2021-05-22 00:31:19.724  INFO 14436 --- [restartedMain] j.LocalContainerEntityManagerFactoryBean : Initialized JPA EntityManagerFactory for persistence unit 'default'
2021-05-22 00:31:19.787  INFO 14436 --- [restartedMain] o.s.b.d.a.OptionalLiveReloadServer       : LiveReload server is running on port 35729
2021-05-22 00:31:20.255  WARN 14436 --- [restartedMain] JpaBaseConfiguration$JpaWebConfiguration : spring.jpa.open-in-view is enabled by default. Therefore, database queries may be performed during view rendering. Explicitly configure spring.jpa.open-in-view to disable this warning
2021-05-22 00:31:20.463  INFO 14436 --- [restartedMain] o.s.s.concurrent.ThreadPoolTaskExecutor  : Initializing ExecutorService 'applicationTaskExecutor'
2021-05-22 00:31:20.912  INFO 14436 --- [restartedMain] o.s.s.web.DefaultSecurityFilterChain     : Will secure any request with [org.springframework.security.web.context.request.async.WebAsyncManagerIntegrationFilter@2b44a86a, org.springframework.security.web.context.SecurityContextPersistenceFilter@16e4d1b6, org.springframework.security.web.header.HeaderWriterFilter@5f8ea440, org.springframework.web.filter.CorsFilter@36b297c9, org.springframework.security.web.authentication.logout.LogoutFilter@667bbade, org.springframework.security.web.authentication.UsernamePasswordAuthenticationFilter@534753bb, org.springframework.security.web.authentication.ui.DefaultLoginPageGeneratingFilter@6a71cee8, org.springframework.security.web.authentication.ui.DefaultLogoutPageGeneratingFilter@ff5121e, org.springframework.security.web.savedrequest.RequestCacheAwareFilter@7884c74d, org.springframework.security.web.servletapi.SecurityContextHolderAwareRequestFilter@3a44adaa, org.springframework.security.web.authentication.AnonymousAuthenticationFilter@72f7bda5, org.springframework.security.web.session.SessionManagementFilter@365859bb, org.springframework.security.web.access.ExceptionTranslationFilter@632a9df5, org.springframework.security.web.access.intercept.FilterSecurityInterceptor@4c6ed9fa]
2021-05-22 00:31:21.068  INFO 14436 --- [restartedMain] o.s.b.w.embedded.tomcat.TomcatWebServer  : Tomcat started on port(s): 8080 (http) with context path ''
2021-05-22 00:31:21.088  INFO 14436 --- [restartedMain] com.opensource.todo.TodoApplication      : Started TodoApplication in 6.32 seconds (JVM running for 7.628)
2021-05-22 00:31:47.045  INFO 14436 --- [http-nio-8080-exec-1] o.a.c.c.C.[Tomcat].[localhost].[/]       : Initializing Spring DispatcherServlet 'dispatcherServlet'
2021-05-22 00:31:47.046  INFO 14436 --- [http-nio-8080-exec-1] o.s.web.servlet.DispatcherServlet        : Initializing Servlet 'dispatcherServlet'
2021-05-22 00:31:47.050  INFO 14436 --- [http-nio-8080-exec-1] o.s.web.servlet.DispatcherServlet        : Completed initialization in 3 ms
2021-05-22 00:32:23.319  INFO 14436 --- [Thread-5] o.s.s.concurrent.ThreadPoolTaskExecutor  : Shutting down ExecutorService 'applicationTaskExecutor'
2021-05-22 00:32:23.322  INFO 14436 --- [Thread-5] j.LocalContainerEntityManagerFactoryBean : Closing JPA EntityManagerFactory for persistence unit 'default'
2021-05-22 00:32:23.329  INFO 14436 --- [Thread-5] com.zaxxer.hikari.HikariDataSource       : HikariPool-1 - Shutdown initiated...
2021-05-22 00:32:23.346  INFO 14436 --- [Thread-5] com.zaxxer.hikari.HikariDataSource       : HikariPool-1 - Shutdown completed.
2021-05-22 00:32:23.532  INFO 14436 --- [restartedMain] com.opensource.todo.TodoApplication      : Starting TodoApplication using Java 15.0.2 on DESKTOP-N8DKCPV with PID 14436 (C:\Users\Sofiane\open-source-projects\to-do-project\backend\target\classes started by Sofiane in C:\Users\Sofiane\open-source-projects\to-do-project\backend)
2021-05-22 00:32:23.533  INFO 14436 --- [restartedMain] com.opensource.todo.TodoApplication      : No active profile set, falling back to default profiles: default
2021-05-22 00:32:23.933  INFO 14436 --- [restartedMain] .s.d.r.c.RepositoryConfigurationDelegate : Bootstrapping Spring Data JPA repositories in DEFAULT mode.
2021-05-22 00:32:23.957  INFO 14436 --- [restartedMain] .s.d.r.c.RepositoryConfigurationDelegate : Finished Spring Data repository scanning in 21 ms. Found 1 JPA repository interfaces.
2021-05-22 00:32:24.187  INFO 14436 --- [restartedMain] o.s.b.w.embedded.tomcat.TomcatWebServer  : Tomcat initialized with port(s): 8080 (http)
2021-05-22 00:32:24.188  INFO 14436 --- [restartedMain] o.apache.catalina.core.StandardService   : Starting service [Tomcat]
2021-05-22 00:32:24.188  INFO 14436 --- [restartedMain] org.apache.catalina.core.StandardEngine  : Starting Servlet engine: [Apache Tomcat/9.0.45]
2021-05-22 00:32:24.235  INFO 14436 --- [restartedMain] o.a.c.c.C.[Tomcat].[localhost].[/]       : Initializing Spring embedded WebApplicationContext
2021-05-22 00:32:24.236  INFO 14436 --- [restartedMain] w.s.c.ServletWebServerApplicationContext : Root WebApplicationContext: initialization completed in 697 ms
2021-05-22 00:32:24.291  INFO 14436 --- [restartedMain] o.hibernate.jpa.internal.util.LogHelper  : HHH000204: Processing PersistenceUnitInfo [name: default]
2021-05-22 00:32:24.305  INFO 14436 --- [restartedMain] com.zaxxer.hikari.HikariDataSource       : HikariPool-2 - Starting...
2021-05-22 00:32:24.329  INFO 14436 --- [restartedMain] com.zaxxer.hikari.HikariDataSource       : HikariPool-2 - Start completed.
2021-05-22 00:32:24.331  INFO 14436 --- [restartedMain] org.hibernate.dialect.Dialect            : HHH000400: Using dialect: org.hibernate.dialect.PostgreSQLDialect
2021-05-22 00:32:24.464  INFO 14436 --- [restartedMain] o.h.e.t.j.p.i.JtaPlatformInitiator       : HHH000490: Using JtaPlatform implementation: [org.hibernate.engine.transaction.jta.platform.internal.NoJtaPlatform]
2021-05-22 00:32:24.465  INFO 14436 --- [restartedMain] j.LocalContainerEntityManagerFactoryBean : Initialized JPA EntityManagerFactory for persistence unit 'default'
2021-05-22 00:32:24.495  INFO 14436 --- [restartedMain] o.s.b.d.a.OptionalLiveReloadServer       : LiveReload server is running on port 35729
2021-05-22 00:32:24.653  WARN 14436 --- [restartedMain] JpaBaseConfiguration$JpaWebConfiguration : spring.jpa.open-in-view is enabled by default. Therefore, database queries may be performed during view rendering. Explicitly configure spring.jpa.open-in-view to disable this warning
2021-05-22 00:32:24.782  INFO 14436 --- [restartedMain] o.s.s.concurrent.ThreadPoolTaskExecutor  : Initializing ExecutorService 'applicationTaskExecutor'
2021-05-22 00:32:24.919  INFO 14436 --- [restartedMain] o.s.s.web.DefaultSecurityFilterChain     : Will secure any request with [org.springframework.security.web.context.request.async.WebAsyncManagerIntegrationFilter@212833f, org.springframework.security.web.context.SecurityContextPersistenceFilter@3dbe0214, org.springframework.security.web.header.HeaderWriterFilter@54502581, org.springframework.web.filter.CorsFilter@9779db8, org.springframework.security.web.authentication.logout.LogoutFilter@4e4e0162, org.springframework.security.web.authentication.UsernamePasswordAuthenticationFilter@119ab2ee, org.springframework.security.web.authentication.ui.DefaultLoginPageGeneratingFilter@ed103ea, org.springframework.security.web.authentication.ui.DefaultLogoutPageGeneratingFilter@50c71d36, org.springframework.security.web.savedrequest.RequestCacheAwareFilter@3b46c6f4, org.springframework.security.web.servletapi.SecurityContextHolderAwareRequestFilter@6e6f8030, org.springframework.security.web.authentication.AnonymousAuthenticationFilter@140ec802, org.springframework.security.web.session.SessionManagementFilter@239878d7, org.springframework.security.web.access.ExceptionTranslationFilter@911edea, org.springframework.security.web.access.intercept.FilterSecurityInterceptor@42ba848]
2021-05-22 00:32:24.970  INFO 14436 --- [restartedMain] o.s.b.w.embedded.tomcat.TomcatWebServer  : Tomcat started on port(s): 8080 (http) with context path ''
2021-05-22 00:32:24.982  INFO 14436 --- [restartedMain] com.opensource.todo.TodoApplication      : Started TodoApplication in 1.514 seconds (JVM running for 71.523)
2021-05-22 00:32:24.984  INFO 14436 --- [restartedMain] .ConditionEvaluationDeltaLoggingListener : Condition evaluation unchanged
2021-05-22 00:32:26.398  INFO 14436 --- [Thread-9] o.s.s.concurrent.ThreadPoolTaskExecutor  : Shutting down ExecutorService 'applicationTaskExecutor'
2021-05-22 00:32:26.401  INFO 14436 --- [Thread-9] j.LocalContainerEntityManagerFactoryBean : Closing JPA EntityManagerFactory for persistence unit 'default'
2021-05-22 00:32:26.402  INFO 14436 --- [Thread-9] com.zaxxer.hikari.HikariDataSource       : HikariPool-2 - Shutdown initiated...
2021-05-22 00:32:26.411  INFO 14436 --- [Thread-9] com.zaxxer.hikari.HikariDataSource       : HikariPool-2 - Shutdown completed.
2021-05-22 00:32:26.542  INFO 14436 --- [restartedMain] com.opensource.todo.TodoApplication      : Starting TodoApplication using Java 15.0.2 on DESKTOP-N8DKCPV with PID 14436 (C:\Users\Sofiane\open-source-projects\to-do-project\backend\target\classes started by Sofiane in C:\Users\Sofiane\open-source-projects\to-do-project\backend)
2021-05-22 00:32:26.543  INFO 14436 --- [restartedMain] com.opensource.todo.TodoApplication      : No active profile set, falling back to default profiles: default
2021-05-22 00:32:26.981  INFO 14436 --- [restartedMain] .s.d.r.c.RepositoryConfigurationDelegate : Bootstrapping Spring Data JPA repositories in DEFAULT mode.
2021-05-22 00:32:26.998  INFO 14436 --- [restartedMain] .s.d.r.c.RepositoryConfigurationDelegate : Finished Spring Data repository scanning in 16 ms. Found 1 JPA repository interfaces.
2021-05-22 00:32:27.248  INFO 14436 --- [restartedMain] o.s.b.w.embedded.tomcat.TomcatWebServer  : Tomcat initialized with port(s): 8080 (http)
2021-05-22 00:32:27.249  INFO 14436 --- [restartedMain] o.apache.catalina.core.StandardService   : Starting service [Tomcat]
2021-05-22 00:32:27.250  INFO 14436 --- [restartedMain] org.apache.catalina.core.StandardEngine  : Starting Servlet engine: [Apache Tomcat/9.0.45]
2021-05-22 00:32:27.293  INFO 14436 --- [restartedMain] o.a.c.c.C.[Tomcat].[localhost].[/]       : Initializing Spring embedded WebApplicationContext
2021-05-22 00:32:27.293  INFO 14436 --- [restartedMain] w.s.c.ServletWebServerApplicationContext : Root WebApplicationContext: initialization completed in 744 ms
2021-05-22 00:32:27.363  INFO 14436 --- [restartedMain] o.hibernate.jpa.internal.util.LogHelper  : HHH000204: Processing PersistenceUnitInfo [name: default]
2021-05-22 00:32:27.370  INFO 14436 --- [restartedMain] com.zaxxer.hikari.HikariDataSource       : HikariPool-3 - Starting...
2021-05-22 00:32:27.394  INFO 14436 --- [restartedMain] com.zaxxer.hikari.HikariDataSource       : HikariPool-3 - Start completed.
2021-05-22 00:32:27.396  INFO 14436 --- [restartedMain] org.hibernate.dialect.Dialect            : HHH000400: Using dialect: org.hibernate.dialect.PostgreSQLDialect
2021-05-22 00:32:27.540  INFO 14436 --- [restartedMain] o.h.e.t.j.p.i.JtaPlatformInitiator       : HHH000490: Using JtaPlatform implementation: [org.hibernate.engine.transaction.jta.platform.internal.NoJtaPlatform]
2021-05-22 00:32:27.541  INFO 14436 --- [restartedMain] j.LocalContainerEntityManagerFactoryBean : Initialized JPA EntityManagerFactory for persistence unit 'default'
2021-05-22 00:32:27.573  INFO 14436 --- [restartedMain] o.s.b.d.a.OptionalLiveReloadServer       : LiveReload server is running on port 35729
2021-05-22 00:32:27.732  WARN 14436 --- [restartedMain] JpaBaseConfiguration$JpaWebConfiguration : spring.jpa.open-in-view is enabled by default. Therefore, database queries may be performed during view rendering. Explicitly configure spring.jpa.open-in-view to disable this warning
2021-05-22 00:32:27.851  INFO 14436 --- [restartedMain] o.s.s.concurrent.ThreadPoolTaskExecutor  : Initializing ExecutorService 'applicationTaskExecutor'
2021-05-22 00:32:27.972  INFO 14436 --- [restartedMain] o.s.s.web.DefaultSecurityFilterChain     : Will secure any request with [org.springframework.security.web.context.request.async.WebAsyncManagerIntegrationFilter@19605691, org.springframework.security.web.context.SecurityContextPersistenceFilter@5182c915, org.springframework.security.web.header.HeaderWriterFilter@4e67c732, org.springframework.web.filter.CorsFilter@61eef018, org.springframework.security.web.authentication.logout.LogoutFilter@4432003b, org.springframework.security.web.authentication.UsernamePasswordAuthenticationFilter@7cb2b069, org.springframework.security.web.authentication.ui.DefaultLoginPageGeneratingFilter@618d870d, org.springframework.security.web.authentication.ui.DefaultLogoutPageGeneratingFilter@105dd4b8, org.springframework.security.web.savedrequest.RequestCacheAwareFilter@7432dc47, org.springframework.security.web.servletapi.SecurityContextHolderAwareRequestFilter@49ccba4, org.springframework.security.web.authentication.AnonymousAuthenticationFilter@79851f22, org.springframework.security.web.session.SessionManagementFilter@60b0a882, org.springframework.security.web.access.ExceptionTranslationFilter@37425af8, org.springframework.security.web.access.intercept.FilterSecurityInterceptor@7b515277]
2021-05-22 00:32:27.999  INFO 14436 --- [restartedMain] o.s.b.w.embedded.tomcat.TomcatWebServer  : Tomcat started on port(s): 8080 (http) with context path ''
2021-05-22 00:32:28.000  INFO 14436 --- [restartedMain] com.opensource.todo.TodoApplication      : Started TodoApplication in 1.521 seconds (JVM running for 74.545)
2021-05-22 00:32:28.006  INFO 14436 --- [restartedMain] .ConditionEvaluationDeltaLoggingListener : Condition evaluation unchanged
2021-05-22 00:35:17.009  INFO 14436 --- [http-nio-8080-exec-1] o.a.c.c.C.[Tomcat].[localhost].[/]       : Initializing Spring DispatcherServlet 'dispatcherServlet'
2021-05-22 00:35:17.010  INFO 14436 --- [http-nio-8080-exec-1] o.s.web.servlet.DispatcherServlet        : Initializing Servlet 'dispatcherServlet'
2021-05-22 00:35:17.012  INFO 14436 --- [http-nio-8080-exec-1] o.s.web.servlet.DispatcherServlet        : Completed initialization in 1 ms
2021-05-22 00:35:17.053  WARN 14436 --- [http-nio-8080-exec-1] .w.s.m.s.DefaultHandlerExceptionResolver : Resolved [org.springframework.web.bind.MethodArgumentNotValidException: Validation failed for argument [0] in public void com.opensource.todo.security.RegisterationController.processRegistration(com.opensource.todo.security.UserDto): [Field error in object 'userDto' on field 'password': rejected value []; codes [NotBlank.userDto.password,NotBlank.password,NotBlank.java.lang.String,NotBlank]; arguments [org.springframework.context.support.DefaultMessageSourceResolvable: codes [userDto.password,password]; arguments []; default message [password]]; default message [password is required]] ]
2021-05-22 00:39:59.892  WARN 14436 --- [http-nio-8080-exec-4] o.a.c.util.SessionIdGeneratorBase        : Creation of SecureRandom instance for session ID generation using [SHA1PRNG] took [166] milliseconds.
2021-05-22 01:08:51.607  WARN 14436 --- [HikariPool-3 housekeeper] com.zaxxer.hikari.pool.HikariPool        : HikariPool-3 - Thread starvation or clock leap detected (housekeeper delta=6m53s842ms984µs800ns).
2021-05-22 13:08:19.691  WARN 14436 --- [HikariPool-3 housekeeper] com.zaxxer.hikari.pool.HikariPool        : HikariPool-3 - Thread starvation or clock leap detected (housekeeper delta=11h59m44s4ms609µs).
